2020-07-21 18:45:27.104  INFO 39462 --- [main] W.Project1.Package.Project1Application   : Starting Project1Application on Arpan with PID 39462 (/Users/arjunsingh/Documents/Projects/Project1/target/classes started by arjunsingh in /Users/arjunsingh/Documents/Projects/Project1)
2020-07-21 18:45:27.108  INFO 39462 --- [main] W.Project1.Package.Project1Application   : No active profile set, falling back to default profiles: default
2020-07-21 18:45:28.360  INFO 39462 --- [main] .s.d.r.c.RepositoryConfigurationDelegate : Multiple Spring Data modules found, entering strict repository configuration mode!
2020-07-21 18:45:28.362  INFO 39462 --- [main] .s.d.r.c.RepositoryConfigurationDelegate : Bootstrapping Spring Data JPA repositories in DEFERRED mode.
2020-07-21 18:45:28.456  INFO 39462 --- [main] .s.d.r.c.RepositoryConfigurationDelegate : Finished Spring Data repository scanning in 81ms. Found 3 JPA repository interfaces.
2020-07-21 18:45:28.473  INFO 39462 --- [main] .s.d.r.c.RepositoryConfigurationDelegate : Multiple Spring Data modules found, entering strict repository configuration mode!
2020-07-21 18:45:28.475  INFO 39462 --- [main] .s.d.r.c.RepositoryConfigurationDelegate : Bootstrapping Spring Data Redis repositories in DEFAULT mode.
2020-07-21 18:45:28.491  INFO 39462 --- [main] .RepositoryConfigurationExtensionSupport : Spring Data Redis - Could not safely identify store assignment for repository candidate interface Work1.Project1.Package.repository.CompanyRepository. If you want this repository to be a Redis repository, consider annotating your entities with one of these annotations: org.springframework.data.redis.core.RedisHash (preferred), or consider extending one of the following types with your repository: org.springframework.data.keyvalue.repository.KeyValueRepository.
2020-07-21 18:45:28.492  INFO 39462 --- [main] .RepositoryConfigurationExtensionSupport : Spring Data Redis - Could not safely identify store assignment for repository candidate interface Work1.Project1.Package.repository.DepartmentRepository. If you want this repository to be a Redis repository, consider annotating your entities with one of these annotations: org.springframework.data.redis.core.RedisHash (preferred), or consider extending one of the following types with your repository: org.springframework.data.keyvalue.repository.KeyValueRepository.
2020-07-21 18:45:28.493  INFO 39462 --- [main] .RepositoryConfigurationExtensionSupport : Spring Data Redis - Could not safely identify store assignment for repository candidate interface Work1.Project1.Package.repository.EmployeeRepository. If you want this repository to be a Redis repository, consider annotating your entities with one of these annotations: org.springframework.data.redis.core.RedisHash (preferred), or consider extending one of the following types with your repository: org.springframework.data.keyvalue.repository.KeyValueRepository.
2020-07-21 18:45:28.493  INFO 39462 --- [main] .s.d.r.c.RepositoryConfigurationDelegate : Finished Spring Data repository scanning in 9ms. Found 0 Redis repository interfaces.
2020-07-21 18:45:29.451  INFO 39462 --- [main] o.s.b.w.embedded.tomcat.TomcatWebServer  : Tomcat initialized with port(s): 8080 (http)
2020-07-21 18:45:29.470  INFO 39462 --- [main] o.apache.catalina.core.StandardService   : Starting service [Tomcat]
2020-07-21 18:45:29.471  INFO 39462 --- [main] org.apache.catalina.core.StandardEngine  : Starting Servlet engine: [Apache Tomcat/9.0.36]
2020-07-21 18:45:29.626  INFO 39462 --- [main] o.a.c.c.C.[Tomcat].[localhost].[/]       : Initializing Spring embedded WebApplicationContext
2020-07-21 18:45:29.626  INFO 39462 --- [main] w.s.c.ServletWebServerApplicationContext : Root WebApplicationContext: initialization completed in 2428 ms
2020-07-21 18:45:29.905  INFO 39462 --- [main] o.s.s.concurrent.ThreadPoolTaskExecutor  : Initializing ExecutorService 'applicationTaskExecutor'
2020-07-21 18:45:29.916  INFO 39462 --- [main] com.zaxxer.hikari.HikariDataSource       : HikariPool-1 - Starting...
2020-07-21 18:45:30.087  INFO 39462 --- [main] com.zaxxer.hikari.HikariDataSource       : HikariPool-1 - Start completed.
2020-07-21 18:45:30.152  INFO 39462 --- [task-1] o.hibernate.jpa.internal.util.LogHelper  : HHH000204: Processing PersistenceUnitInfo [name: default]
2020-07-21 18:45:30.208  INFO 39462 --- [task-1] org.hibernate.Version                    : HHH000412: Hibernate ORM core version 5.4.17.Final
2020-07-21 18:45:30.400  WARN 39462 --- [main] JpaBaseConfiguration$JpaWebConfiguration : spring.jpa.open-in-view is enabled by default. Therefore, database queries may be performed during view rendering. Explicitly configure spring.jpa.open-in-view to disable this warning
2020-07-21 18:45:30.419  INFO 39462 --- [task-1] o.hibernate.annotations.common.Version   : HCANN000001: Hibernate Commons Annotations {5.1.0.Final}
2020-07-21 18:45:30.619  INFO 39462 --- [task-1] org.hibernate.dialect.Dialect            : HHH000400: Using dialect: org.hibernate.dialect.PostgreSQL10Dialect
2020-07-21 18:45:31.378  INFO 39462 --- [task-1] o.h.e.t.j.p.i.JtaPlatformInitiator       : HHH000490: Using JtaPlatform implementation: [org.hibernate.engine.transaction.jta.platform.internal.NoJtaPlatform]
2020-07-21 18:45:31.386  INFO 39462 --- [task-1] j.LocalContainerEntityManagerFactoryBean : Initialized JPA EntityManagerFactory for persistence unit 'default'
2020-07-21 18:45:32.139  INFO 39462 --- [main] o.s.b.w.embedded.tomcat.TomcatWebServer  : Tomcat started on port(s): 8080 (http) with context path ''
2020-07-21 18:45:32.141  INFO 39462 --- [main] DeferredRepositoryInitializationListener : Triggering deferred initialization of Spring Data repositories…
2020-07-21 18:45:32.535  INFO 39462 --- [main] DeferredRepositoryInitializationListener : Spring Data repositories initialized!
2020-07-21 18:45:32.547  INFO 39462 --- [main] W.Project1.Package.Project1Application   : Started Project1Application in 6.1 seconds (JVM running for 6.685)
2020-07-21 18:49:56.377  INFO 39462 --- [SpringContextShutdownHook] j.LocalContainerEntityManagerFactoryBean : Closing JPA EntityManagerFactory for persistence unit 'default'
2020-07-21 18:49:56.388  INFO 39462 --- [SpringContextShutdownHook] o.s.s.concurrent.ThreadPoolTaskExecutor  : Shutting down ExecutorService 'applicationTaskExecutor'
2020-07-21 18:49:56.389  INFO 39462 --- [SpringContextShutdownHook] com.zaxxer.hikari.HikariDataSource       : HikariPool-1 - Shutdown initiated...
2020-07-21 18:49:56.397  INFO 39462 --- [SpringContextShutdownHook] com.zaxxer.hikari.HikariDataSource       : HikariPool-1 - Shutdown completed.
2020-07-21 18:50:00.347  INFO 39589 --- [main] W.Project1.Package.Project1Application   : Starting Project1Application on Arpan with PID 39589 (/Users/arjunsingh/Documents/Projects/Project1/target/classes started by arjunsingh in /Users/arjunsingh/Documents/Projects/Project1)
2020-07-21 18:50:00.350  INFO 39589 --- [main] W.Project1.Package.Project1Application   : No active profile set, falling back to default profiles: default
2020-07-21 18:50:01.616  INFO 39589 --- [main] .s.d.r.c.RepositoryConfigurationDelegate : Multiple Spring Data modules found, entering strict repository configuration mode!
2020-07-21 18:50:01.618  INFO 39589 --- [main] .s.d.r.c.RepositoryConfigurationDelegate : Bootstrapping Spring Data JPA repositories in DEFERRED mode.
2020-07-21 18:50:01.758  INFO 39589 --- [main] .s.d.r.c.RepositoryConfigurationDelegate : Finished Spring Data repository scanning in 129ms. Found 3 JPA repository interfaces.
2020-07-21 18:50:01.776  INFO 39589 --- [main] .s.d.r.c.RepositoryConfigurationDelegate : Multiple Spring Data modules found, entering strict repository configuration mode!
2020-07-21 18:50:01.777  INFO 39589 --- [main] .s.d.r.c.RepositoryConfigurationDelegate : Bootstrapping Spring Data Redis repositories in DEFAULT mode.
2020-07-21 18:50:01.844  INFO 39589 --- [main] .RepositoryConfigurationExtensionSupport : Spring Data Redis - Could not safely identify store assignment for repository candidate interface Work1.Project1.Package.repository.CompanyRepository. If you want this repository to be a Redis repository, consider annotating your entities with one of these annotations: org.springframework.data.redis.core.RedisHash (preferred), or consider extending one of the following types with your repository: org.springframework.data.keyvalue.repository.KeyValueRepository.
2020-07-21 18:50:01.847  INFO 39589 --- [main] .RepositoryConfigurationExtensionSupport : Spring Data Redis - Could not safely identify store assignment for repository candidate interface Work1.Project1.Package.repository.DepartmentRepository. If you want this repository to be a Redis repository, consider annotating your entities with one of these annotations: org.springframework.data.redis.core.RedisHash (preferred), or consider extending one of the following types with your repository: org.springframework.data.keyvalue.repository.KeyValueRepository.
2020-07-21 18:50:01.848  INFO 39589 --- [main] .RepositoryConfigurationExtensionSupport : Spring Data Redis - Could not safely identify store assignment for repository candidate interface Work1.Project1.Package.repository.EmployeeRepository. If you want this repository to be a Redis repository, consider annotating your entities with one of these annotations: org.springframework.data.redis.core.RedisHash (preferred), or consider extending one of the following types with your repository: org.springframework.data.keyvalue.repository.KeyValueRepository.
2020-07-21 18:50:01.849  INFO 39589 --- [main] .s.d.r.c.RepositoryConfigurationDelegate : Finished Spring Data repository scanning in 19ms. Found 0 Redis repository interfaces.
2020-07-21 18:50:03.747  INFO 39589 --- [main] o.s.b.w.embedded.tomcat.TomcatWebServer  : Tomcat initialized with port(s): 8080 (http)
2020-07-21 18:50:03.760  INFO 39589 --- [main] o.apache.catalina.core.StandardService   : Starting service [Tomcat]
2020-07-21 18:50:03.761  INFO 39589 --- [main] org.apache.catalina.core.StandardEngine  : Starting Servlet engine: [Apache Tomcat/9.0.36]
2020-07-21 18:50:04.044  INFO 39589 --- [main] o.a.c.c.C.[Tomcat].[localhost].[/]       : Initializing Spring embedded WebApplicationContext
2020-07-21 18:50:04.047  INFO 39589 --- [main] w.s.c.ServletWebServerApplicationContext : Root WebApplicationContext: initialization completed in 3642 ms
2020-07-21 18:50:04.629  INFO 39589 --- [main] o.s.s.concurrent.ThreadPoolTaskExecutor  : Initializing ExecutorService 'applicationTaskExecutor'
2020-07-21 18:50:04.646  INFO 39589 --- [main] com.zaxxer.hikari.HikariDataSource       : HikariPool-1 - Starting...
2020-07-21 18:50:04.805  INFO 39589 --- [main] com.zaxxer.hikari.HikariDataSource       : HikariPool-1 - Start completed.
2020-07-21 18:50:04.880  INFO 39589 --- [task-1] o.hibernate.jpa.internal.util.LogHelper  : HHH000204: Processing PersistenceUnitInfo [name: default]
2020-07-21 18:50:04.938  INFO 39589 --- [task-1] org.hibernate.Version                    : HHH000412: Hibernate ORM core version 5.4.17.Final
2020-07-21 18:50:05.040  WARN 39589 --- [main] JpaBaseConfiguration$JpaWebConfiguration : spring.jpa.open-in-view is enabled by default. Therefore, database queries may be performed during view rendering. Explicitly configure spring.jpa.open-in-view to disable this warning
2020-07-21 18:50:05.118  INFO 39589 --- [task-1] o.hibernate.annotations.common.Version   : HCANN000001: Hibernate Commons Annotations {5.1.0.Final}
2020-07-21 18:50:05.437  INFO 39589 --- [task-1] org.hibernate.dialect.Dialect            : HHH000400: Using dialect: org.hibernate.dialect.PostgreSQL10Dialect
2020-07-21 18:50:06.365  INFO 39589 --- [task-1] o.h.e.t.j.p.i.JtaPlatformInitiator       : HHH000490: Using JtaPlatform implementation: [org.hibernate.engine.transaction.jta.platform.internal.NoJtaPlatform]
2020-07-21 18:50:06.371  INFO 39589 --- [task-1] j.LocalContainerEntityManagerFactoryBean : Initialized JPA EntityManagerFactory for persistence unit 'default'
2020-07-21 18:50:06.938  INFO 39589 --- [main] o.s.b.w.embedded.tomcat.TomcatWebServer  : Tomcat started on port(s): 8080 (http) with context path ''
2020-07-21 18:50:06.940  INFO 39589 --- [main] DeferredRepositoryInitializationListener : Triggering deferred initialization of Spring Data repositories…
2020-07-21 18:50:07.142  INFO 39589 --- [main] DeferredRepositoryInitializationListener : Spring Data repositories initialized!
2020-07-21 18:50:07.152  INFO 39589 --- [main] W.Project1.Package.Project1Application   : Started Project1Application in 7.47 seconds (JVM running for 8.143)
2020-07-21 18:51:59.940  INFO 39589 --- [SpringContextShutdownHook] j.LocalContainerEntityManagerFactoryBean : Closing JPA EntityManagerFactory for persistence unit 'default'
2020-07-21 18:51:59.945  INFO 39589 --- [SpringContextShutdownHook] o.s.s.concurrent.ThreadPoolTaskExecutor  : Shutting down ExecutorService 'applicationTaskExecutor'
2020-07-21 18:51:59.946  INFO 39589 --- [SpringContextShutdownHook] com.zaxxer.hikari.HikariDataSource       : HikariPool-1 - Shutdown initiated...
2020-07-21 18:51:59.951  INFO 39589 --- [SpringContextShutdownHook] com.zaxxer.hikari.HikariDataSource       : HikariPool-1 - Shutdown completed.
2020-07-21 18:52:07.713  INFO 39637 --- [main] W.Project1.Package.Project1Application   : Starting Project1Application on Arpan with PID 39637 (/Users/arjunsingh/Documents/Projects/Project1/target/classes started by arjunsingh in /Users/arjunsingh/Documents/Projects/Project1)
2020-07-21 18:52:07.715  INFO 39637 --- [main] W.Project1.Package.Project1Application   : No active profile set, falling back to default profiles: default
2020-07-21 18:52:08.684  INFO 39637 --- [main] .s.d.r.c.RepositoryConfigurationDelegate : Multiple Spring Data modules found, entering strict repository configuration mode!
2020-07-21 18:52:08.686  INFO 39637 --- [main] .s.d.r.c.RepositoryConfigurationDelegate : Bootstrapping Spring Data JPA repositories in DEFERRED mode.
2020-07-21 18:52:08.784  INFO 39637 --- [main] .s.d.r.c.RepositoryConfigurationDelegate : Finished Spring Data repository scanning in 85ms. Found 3 JPA repository interfaces.
2020-07-21 18:52:08.798  INFO 39637 --- [main] .s.d.r.c.RepositoryConfigurationDelegate : Multiple Spring Data modules found, entering strict repository configuration mode!
2020-07-21 18:52:08.799  INFO 39637 --- [main] .s.d.r.c.RepositoryConfigurationDelegate : Bootstrapping Spring Data Redis repositories in DEFAULT mode.
2020-07-21 18:52:08.821  INFO 39637 --- [main] .RepositoryConfigurationExtensionSupport : Spring Data Redis - Could not safely identify store assignment for repository candidate interface Work1.Project1.Package.repository.CompanyRepository. If you want this repository to be a Redis repository, consider annotating your entities with one of these annotations: org.springframework.data.redis.core.RedisHash (preferred), or consider extending one of the following types with your repository: org.springframework.data.keyvalue.repository.KeyValueRepository.
2020-07-21 18:52:08.822  INFO 39637 --- [main] .RepositoryConfigurationExtensionSupport : Spring Data Redis - Could not safely identify store assignment for repository candidate interface Work1.Project1.Package.repository.DepartmentRepository. If you want this repository to be a Redis repository, consider annotating your entities with one of these annotations: org.springframework.data.redis.core.RedisHash (preferred), or consider extending one of the following types with your repository: org.springframework.data.keyvalue.repository.KeyValueRepository.
2020-07-21 18:52:08.823  INFO 39637 --- [main] .RepositoryConfigurationExtensionSupport : Spring Data Redis - Could not safely identify store assignment for repository candidate interface Work1.Project1.Package.repository.EmployeeRepository. If you want this repository to be a Redis repository, consider annotating your entities with one of these annotations: org.springframework.data.redis.core.RedisHash (preferred), or consider extending one of the following types with your repository: org.springframework.data.keyvalue.repository.KeyValueRepository.
2020-07-21 18:52:08.823  INFO 39637 --- [main] .s.d.r.c.RepositoryConfigurationDelegate : Finished Spring Data repository scanning in 15ms. Found 0 Redis repository interfaces.
2020-07-21 18:52:10.055  INFO 39637 --- [main] o.s.b.w.embedded.tomcat.TomcatWebServer  : Tomcat initialized with port(s): 8080 (http)
2020-07-21 18:52:10.067  INFO 39637 --- [main] o.apache.catalina.core.StandardService   : Starting service [Tomcat]
2020-07-21 18:52:10.067  INFO 39637 --- [main] org.apache.catalina.core.StandardEngine  : Starting Servlet engine: [Apache Tomcat/9.0.36]
2020-07-21 18:52:10.208  INFO 39637 --- [main] o.a.c.c.C.[Tomcat].[localhost].[/]       : Initializing Spring embedded WebApplicationContext
2020-07-21 18:52:10.208  INFO 39637 --- [main] w.s.c.ServletWebServerApplicationContext : Root WebApplicationContext: initialization completed in 2431 ms
2020-07-21 18:52:10.767  INFO 39637 --- [main] o.s.s.concurrent.ThreadPoolTaskExecutor  : Initializing ExecutorService 'applicationTaskExecutor'
2020-07-21 18:52:10.780  INFO 39637 --- [main] com.zaxxer.hikari.HikariDataSource       : HikariPool-1 - Starting...
2020-07-21 18:52:10.900  INFO 39637 --- [main] com.zaxxer.hikari.HikariDataSource       : HikariPool-1 - Start completed.
2020-07-21 18:52:10.979  INFO 39637 --- [task-1] o.hibernate.jpa.internal.util.LogHelper  : HHH000204: Processing PersistenceUnitInfo [name: default]
2020-07-21 18:52:11.041  INFO 39637 --- [task-1] org.hibernate.Version                    : HHH000412: Hibernate ORM core version 5.4.17.Final
2020-07-21 18:52:11.197  WARN 39637 --- [main] JpaBaseConfiguration$JpaWebConfiguration : spring.jpa.open-in-view is enabled by default. Therefore, database queries may be performed during view rendering. Explicitly configure spring.jpa.open-in-view to disable this warning
2020-07-21 18:52:11.283  INFO 39637 --- [task-1] o.hibernate.annotations.common.Version   : HCANN000001: Hibernate Commons Annotations {5.1.0.Final}
2020-07-21 18:52:11.635  INFO 39637 --- [task-1] org.hibernate.dialect.Dialect            : HHH000400: Using dialect: org.hibernate.dialect.PostgreSQL10Dialect
2020-07-21 18:52:12.698  INFO 39637 --- [task-1] o.h.e.t.j.p.i.JtaPlatformInitiator       : HHH000490: Using JtaPlatform implementation: [org.hibernate.engine.transaction.jta.platform.internal.NoJtaPlatform]
2020-07-21 18:52:12.709  INFO 39637 --- [task-1] j.LocalContainerEntityManagerFactoryBean : Initialized JPA EntityManagerFactory for persistence unit 'default'
2020-07-21 18:52:13.401  INFO 39637 --- [main] o.s.b.w.embedded.tomcat.TomcatWebServer  : Tomcat started on port(s): 8080 (http) with context path ''
2020-07-21 18:52:13.402  INFO 39637 --- [main] DeferredRepositoryInitializationListener : Triggering deferred initialization of Spring Data repositories…
2020-07-21 18:52:13.598  INFO 39637 --- [main] DeferredRepositoryInitializationListener : Spring Data repositories initialized!
2020-07-21 18:52:13.606  INFO 39637 --- [main] W.Project1.Package.Project1Application   : Started Project1Application in 9.795 seconds (JVM running for 10.474)
2020-07-21 18:52:36.800  INFO 39637 --- [http-nio-8080-exec-1] o.a.c.c.C.[Tomcat].[localhost].[/]       : Initializing Spring DispatcherServlet 'dispatcherServlet'
2020-07-21 18:52:36.801  INFO 39637 --- [http-nio-8080-exec-1] o.s.web.servlet.DispatcherServlet        : Initializing Servlet 'dispatcherServlet'
2020-07-21 18:52:36.832  INFO 39637 --- [http-nio-8080-exec-1] o.s.web.servlet.DispatcherServlet        : Completed initialization in 31 ms
2020-07-21 18:52:36.862  INFO 39637 --- [http-nio-8080-exec-1] W.P.Package.services.LogServiceImpl      : REQUEST method=[GET] path=[/employee_details] headers=[{content-length=105, postman-token=f6918027-e538-43ca-8240-b4cbc05b6363, host=127.0.0.1:8080, content-type=application/json, connection=keep-alive, accept-encoding=gzip, deflate, br, user-agent=PostmanRuntime/7.26.1, accept=*/*}] startTime=[1595337756859] 
2020-07-21 18:52:37.291  INFO 39637 --- [http-nio-8080-exec-1] W.P.Package.services.LogServiceImpl      : REQUEST method=[GET] path=[/employee_details] headers=[{content-length=105, postman-token=f6918027-e538-43ca-8240-b4cbc05b6363, host=127.0.0.1:8080, content-type=application/json, connection=keep-alive, accept-encoding=gzip, deflate, br, user-agent=PostmanRuntime/7.26.1, accept=*/*}] startTime=[1595337757290] body=[EmployeePK(employeeId=6778, departmentId=677, companyId=67)]
2020-07-21 18:52:37.443  INFO 39637 --- [http-nio-8080-exec-1] W.P.Package.services.LogServiceImpl      : RESPONSE method=[GET] path=[/employee_details] responseHeaders=[{}] responseBody=[[EmployeeEntity(employeePK=EmployeePK(employeeId=6778, departmentId=677, companyId=67), empName=Ashish, phone=100010131, salary=21000)]] EndTime=[1595337757433] Timetaken=[143] 
